<?xml version="1.0" encoding="UTF-8"?>
<testng-results skipped="0" failed="0" ignored="0" total="0" passed="0">
  <reporter-output>
  </reporter-output>
  <suite name="Default suite" duration-ms="5" started-at="2020-06-30T06:17:34Z" finished-at="2020-06-30T06:17:34Z">
    <groups>
    </groups>
    <test name="Default test" duration-ms="5" started-at="2020-06-30T06:17:34Z" finished-at="2020-06-30T06:17:34Z">
      <class name="GooglemapTestCase.Navigate">
        <test-method status="PASS" signature="configBS()[pri:0, instance:GooglemapTestCase.Navigate@185d8b6]" name="configBS" is-config="true" duration-ms="10" started-at="2020-06-30T06:17:34Z" finished-at="2020-06-30T06:17:34Z">
          <reporter-output>
          </reporter-output>
        </test-method> <!-- configBS -->
        <test-method status="PASS" signature="configAS()[pri:0, instance:GooglemapTestCase.Navigate@185d8b6]" name="configAS" is-config="true" duration-ms="6" started-at="2020-06-30T06:17:34Z" finished-at="2020-06-30T06:17:34Z">
          <reporter-output>
          </reporter-output>
        </test-method> <!-- configAS -->
      </class> <!-- GooglemapTestCase.Navigate -->
    </test> <!-- Default test -->
  </suite> <!-- Default suite -->
</testng-results>
